<?xml version="1.0" encoding="UTF-8"?>
<!-- Generated by org.testng.reporters.JUnitReportReporter -->
<testsuite skipped="0" hostname="DESKTOP-60CIKMS" name="demo.Assertion" tests="2" failures="0" timestamp="08 Aug 2018 06:01:00 GMT" time="0.000" errors="0">
  <testcase name="f1" time="0.000" classname="demo.Assertion"/>
  <testcase name="f" time="0.000" classname="demo.Assertion"/>
</testsuite> <!-- demo.Assertion -->
