<?xml version="1.0" encoding="UTF-8"?>
<!-- Generated by org.testng.reporters.JUnitReportReporter -->
<testsuite skipped="0" hostname="DESKTOP-60CIKMS" name="demo.NewTest" tests="1" failures="0" timestamp="07 Aug 2018 06:23:15 GMT" time="0.010" errors="0">
  <testcase name="f" time="0.010" classname="demo.NewTest"/>
</testsuite> <!-- demo.NewTest -->
