<?xml version="1.0" encoding="UTF-8"?>
<!-- Generated by org.testng.reporters.JUnitReportReporter -->
<testsuite skipped="0" hostname="DESKTOP-60CIKMS" name="demo.dataPro" tests="4" failures="0" timestamp="14 Sep 2018 05:37:13 GMT" time="0.012" errors="0">
  <testcase name="f" time="0.012" classname="demo.dataPro"/>
  <testcase name="f1" time="0.000" classname="demo.dataPro"/>
  <testcase name="f1" time="0.000" classname="demo.dataPro"/>
  <testcase name="f" time="0.000" classname="demo.dataPro"/>
</testsuite> <!-- demo.dataPro -->
